JAVA_OPTS already set in environment; overriding default settings with values: -Xms128m -Xmx256m
cygpath: can't convert empty path
=========================================================================

  JBoss Bootstrap Environment

  JBOSS_HOME: C:\Program Files\Java\servers\wildfly-8.1.0.Final

  JAVA: /cygdrive/c/Program Files/Java/jdk1.7.0_80/jre/bin/java

  JAVA_OPTS:  -server -Xms128m -Xmx256m

=========================================================================

09:25:22,901 INFO  [org.jboss.modules] (main) JBoss Modules version 1.3.3.Final
09:25:23,130 INFO  [org.jboss.msc] (main) JBoss MSC version 1.2.2.Final
09:25:23,208 INFO  [org.jboss.as] (MSC service thread 1-6) JBAS015899: WildFly 8.1.0.Final "Kenny" starting
09:25:24,495 INFO  [org.jboss.as.server] (Controller Boot Thread) JBAS015888: Creating http management service using socket-binding (management-http)
09:25:24,514 INFO  [org.xnio] (MSC service thread 1-8) XNIO version 3.2.2.Final
09:25:24,522 INFO  [org.xnio.nio] (MSC service thread 1-8) XNIO NIO Implementation Version 3.2.2.Final
09:25:24,563 INFO  [org.jboss.as.connector.subsystems.datasources] (ServerService Thread Pool -- 27) JBAS010403: Deploying JDBC-compliant driver class org.h2.Driver (version 1.3)
09:25:24,564 INFO  [org.jboss.as.jsf] (ServerService Thread Pool -- 38) JBAS012615: Activated the following JSF Implementations: [main]
09:25:24,580 INFO  [org.jboss.as.connector.logging] (MSC service thread 1-3) JBAS010408: Starting JCA Subsystem (IronJacamar 1.1.5.Final)
09:25:24,587 INFO  [org.jboss.as.clustering.infinispan] (ServerService Thread Pool -- 32) JBAS010280: Activating Infinispan subsystem.
09:25:24,591 INFO  [org.jboss.as.connector.deployers.jdbc] (MSC service thread 1-2) JBAS010417: Started Driver service with driver-name = h2
09:25:24,593 INFO  [org.jboss.as.naming] (ServerService Thread Pool -- 40) JBAS011800: Activating Naming Subsystem
09:25:24,597 INFO  [org.jboss.as.security] (ServerService Thread Pool -- 45) JBAS013171: Activating Security Subsystem
09:25:24,606 WARN  [org.jboss.as.txn] (ServerService Thread Pool -- 46) JBAS010153: Node identifier property is set to the default value. Please make sure it is unique.
09:25:24,607 INFO  [org.jboss.as.security] (MSC service thread 1-1) JBAS013170: Current PicketBox version=4.0.21.Beta1
09:25:24,619 INFO  [org.jboss.remoting] (MSC service thread 1-8) JBoss Remoting version 4.0.3.Final
09:25:24,664 INFO  [org.jboss.as.webservices] (ServerService Thread Pool -- 48) JBAS015537: Activating WebServices Extension
09:25:24,678 INFO  [org.wildfly.extension.undertow] (MSC service thread 1-3) JBAS017502: Undertow 1.0.15.Final starting
09:25:24,679 INFO  [org.wildfly.extension.undertow] (ServerService Thread Pool -- 47) JBAS017502: Undertow 1.0.15.Final starting
09:25:24,703 INFO  [org.wildfly.extension.io] (ServerService Thread Pool -- 31) WFLYIO001: Worker 'default' has auto-configured to 8 core threads with 64 task threads based on your 4 available processors
09:25:24,888 INFO  [org.jboss.as.mail.extension] (MSC service thread 1-1) JBAS015400: Bound mail session [java:jboss/mail/Default]
09:25:24,890 INFO  [org.jboss.as.naming] (MSC service thread 1-5) JBAS011802: Starting Naming Service
09:25:24,929 INFO  [org.wildfly.extension.undertow] (ServerService Thread Pool -- 47) JBAS017527: Creating file handler for path C:\Program Files\Java\servers\wildfly-8.1.0.Final/welcome-content
09:25:24,955 INFO  [org.wildfly.extension.undertow] (MSC service thread 1-8) JBAS017525: Started server default-server.
09:25:24,961 INFO  [org.wildfly.extension.undertow] (MSC service thread 1-8) JBAS017531: Host default-host starting
09:25:25,054 INFO  [org.jboss.as.server.deployment.scanner] (MSC service thread 1-5) JBAS015012: Started FileSystemDeploymentService for directory C:\Program Files\Java\servers\wildfly-8.1.0.Final\standalone\deployments
09:25:25,056 INFO  [org.jboss.as.server.deployment] (MSC service thread 1-6) JBAS015876: Starting deployment of "ejb-remote-server.jar" (runtime-name: "ejb-remote-server.jar")
09:25:25,058 INFO  [org.jboss.as.server.deployment] (MSC service thread 1-8) JBAS015876: Starting deployment of "ejb-remote-component.jar" (runtime-name: "ejb-remote-component.jar")
09:25:25,140 INFO  [org.wildfly.extension.undertow] (MSC service thread 1-1) JBAS017519: Undertow HTTP listener default listening on /127.0.0.1:1339
09:25:25,337 INFO  [org.jboss.weld.deployer] (MSC service thread 1-8) JBAS016002: Processing weld deployment ejb-remote-component.jar
09:25:25,338 INFO  [org.jboss.weld.deployer] (MSC service thread 1-7) JBAS016002: Processing weld deployment ejb-remote-server.jar
09:25:25,351 INFO  [org.jboss.as.connector.subsystems.datasources] (MSC service thread 1-2) JBAS010400: Bound data source [java:jboss/datasources/ExampleDS]
09:25:25,425 INFO  [org.hibernate.validator.internal.util.Version] (MSC service thread 1-7) HV000001: Hibernate Validator 5.1.0.Final
09:25:25,492 INFO  [org.jboss.as.ejb3.deployment.processors.EjbJndiBindingsDeploymentUnitProcessor] (MSC service thread 1-7) JNDI bindings for session bean named ExampleServiceImpl in deployment unit deployment "ejb-remote-server.jar" are as follows:

	java:global/ejb-remote-server/ExampleServiceImpl!com.illucit.ejbremote.server.ExampleService
	java:app/ejb-remote-server/ExampleServiceImpl!com.illucit.ejbremote.server.ExampleService
	java:module/ExampleServiceImpl!com.illucit.ejbremote.server.ExampleService
	java:jboss/exported/ejb-remote-server/ExampleServiceImpl!com.illucit.ejbremote.server.ExampleService
	java:global/ejb-remote-server/ExampleServiceImpl
	java:app/ejb-remote-server/ExampleServiceImpl
	java:module/ExampleServiceImpl

09:25:25,498 INFO  [org.jboss.as.ejb3.deployment.processors.EjbJndiBindingsDeploymentUnitProcessor] (MSC service thread 1-8) JNDI bindings for session bean named LibrarySessionBean in deployment unit deployment "ejb-remote-component.jar" are as follows:

	java:global/ejb-remote-component/LibrarySessionBean!com.tutorialspoint.stateless.LibrarySessionBeanRemote
	java:app/ejb-remote-component/LibrarySessionBean!com.tutorialspoint.stateless.LibrarySessionBeanRemote
	java:module/LibrarySessionBean!com.tutorialspoint.stateless.LibrarySessionBeanRemote
	java:jboss/exported/ejb-remote-component/LibrarySessionBean!com.tutorialspoint.stateless.LibrarySessionBeanRemote
	java:global/ejb-remote-component/LibrarySessionBean
	java:app/ejb-remote-component/LibrarySessionBean
	java:module/LibrarySessionBean

09:25:25,499 INFO  [org.jboss.as.ejb3.deployment.processors.EjbJndiBindingsDeploymentUnitProcessor] (MSC service thread 1-8) JNDI bindings for session bean named ExampleServiceImpl in deployment unit deployment "ejb-remote-component.jar" are as follows:

	java:global/ejb-remote-component/ExampleServiceImpl!com.illucit.ejbremote.server.ExampleService
	java:app/ejb-remote-component/ExampleServiceImpl!com.illucit.ejbremote.server.ExampleService
	java:module/ExampleServiceImpl!com.illucit.ejbremote.server.ExampleService
	java:jboss/exported/ejb-remote-component/ExampleServiceImpl!com.illucit.ejbremote.server.ExampleService
	java:global/ejb-remote-component/ExampleServiceImpl
	java:app/ejb-remote-component/ExampleServiceImpl
	java:module/ExampleServiceImpl

09:25:25,537 INFO  [org.jboss.ws.common.management] (MSC service thread 1-1) JBWS022052: Starting JBoss Web Services - Stack CXF Server 4.2.4.Final
09:25:25,626 INFO  [org.jboss.weld.deployer] (MSC service thread 1-6) JBAS016005: Starting Services for CDI deployment: ejb-remote-server.jar
09:25:25,627 INFO  [org.jboss.weld.deployer] (MSC service thread 1-7) JBAS016005: Starting Services for CDI deployment: ejb-remote-component.jar
09:25:25,657 INFO  [org.jboss.weld.Version] (MSC service thread 1-7) WELD-000900: 2.1.2 (Final)
09:25:25,679 INFO  [org.jboss.weld.deployer] (MSC service thread 1-2) JBAS016008: Starting weld service for deployment ejb-remote-component.jar
09:25:25,679 INFO  [org.jboss.weld.deployer] (MSC service thread 1-5) JBAS016008: Starting weld service for deployment ejb-remote-server.jar
09:25:26,345 INFO  [org.jboss.as.server] (Controller Boot Thread) JBAS018559: Deployed "ejb-remote-component.jar" (runtime-name : "ejb-remote-component.jar")
09:25:26,345 INFO  [org.jboss.as.server] (Controller Boot Thread) JBAS018559: Deployed "ejb-remote-server.jar" (runtime-name : "ejb-remote-server.jar")
09:25:26,372 INFO  [org.jboss.as] (Controller Boot Thread) JBAS015961: Http management interface listening on http://127.0.0.1:9990/management
09:25:26,373 INFO  [org.jboss.as] (Controller Boot Thread) JBAS015951: Admin console listening on http://127.0.0.1:9990
09:25:26,373 INFO  [org.jboss.as] (Controller Boot Thread) JBAS015874: WildFly 8.1.0.Final "Kenny" started in 3774ms - Started 359 of 418 services (97 services are lazy, passive or on-demand)
JAVA_OPTS already set in environment; overriding default settings with values: -Xms128m -Xmx256m
cygpath: can't convert empty path
=========================================================================

  JBoss Bootstrap Environment

  JBOSS_HOME: C:\Program Files\Java\servers\wildfly-8.1.0.Final

  JAVA: /cygdrive/c/Program Files/Java/jdk1.7.0_80/jre/bin/java

  JAVA_OPTS:  -server -Xms128m -Xmx256m

=========================================================================

09:26:03,821 INFO  [org.jboss.modules] (main) JBoss Modules version 1.3.3.Final
09:26:04,048 INFO  [org.jboss.msc] (main) JBoss MSC version 1.2.2.Final
09:26:04,127 INFO  [org.jboss.as] (MSC service thread 1-6) JBAS015899: WildFly 8.1.0.Final "Kenny" starting
09:26:05,395 INFO  [org.jboss.as.server] (Controller Boot Thread) JBAS015888: Creating http management service using socket-binding (management-http)
09:26:05,415 INFO  [org.xnio] (MSC service thread 1-2) XNIO version 3.2.2.Final
09:26:05,425 INFO  [org.xnio.nio] (MSC service thread 1-2) XNIO NIO Implementation Version 3.2.2.Final
09:26:05,470 INFO  [org.jboss.as.connector.subsystems.datasources] (ServerService Thread Pool -- 27) JBAS010403: Deploying JDBC-compliant driver class org.h2.Driver (version 1.3)
09:26:05,514 INFO  [org.wildfly.extension.undertow] (ServerService Thread Pool -- 47) JBAS017502: Undertow 1.0.15.Final starting
09:26:05,517 INFO  [org.wildfly.extension.undertow] (MSC service thread 1-5) JBAS017502: Undertow 1.0.15.Final starting
09:26:05,521 INFO  [org.jboss.as.clustering.infinispan] (ServerService Thread Pool -- 32) JBAS010280: Activating Infinispan subsystem.
09:26:05,524 INFO  [org.jboss.as.naming] (ServerService Thread Pool -- 40) JBAS011800: Activating Naming Subsystem
09:26:05,542 WARN  [org.jboss.as.txn] (ServerService Thread Pool -- 46) JBAS010153: Node identifier property is set to the default value. Please make sure it is unique.
09:26:05,544 INFO  [org.jboss.as.jsf] (ServerService Thread Pool -- 38) JBAS012615: Activated the following JSF Implementations: [main]
09:26:05,552 INFO  [org.jboss.as.security] (ServerService Thread Pool -- 45) JBAS013171: Activating Security Subsystem
09:26:05,562 INFO  [org.wildfly.extension.io] (ServerService Thread Pool -- 31) WFLYIO001: Worker 'default' has auto-configured to 8 core threads with 64 task threads based on your 4 available processors
09:26:05,581 INFO  [org.jboss.as.security] (MSC service thread 1-6) JBAS013170: Current PicketBox version=4.0.21.Beta1
09:26:05,627 INFO  [org.jboss.as.webservices] (ServerService Thread Pool -- 48) JBAS015537: Activating WebServices Extension
09:26:05,640 INFO  [org.jboss.remoting] (MSC service thread 1-2) JBoss Remoting version 4.0.3.Final
09:26:05,648 INFO  [org.jboss.as.connector.logging] (MSC service thread 1-4) JBAS010408: Starting JCA Subsystem (IronJacamar 1.1.5.Final)
09:26:05,651 INFO  [org.jboss.as.naming] (MSC service thread 1-4) JBAS011802: Starting Naming Service
09:26:05,651 INFO  [org.jboss.as.connector.deployers.jdbc] (MSC service thread 1-4) JBAS010417: Started Driver service with driver-name = h2
09:26:05,651 INFO  [org.jboss.as.mail.extension] (MSC service thread 1-4) JBAS015400: Bound mail session [java:jboss/mail/Default]
09:26:05,774 INFO  [org.wildfly.extension.undertow] (ServerService Thread Pool -- 47) JBAS017527: Creating file handler for path C:\Program Files\Java\servers\wildfly-8.1.0.Final/welcome-content
09:26:05,826 INFO  [org.wildfly.extension.undertow] (MSC service thread 1-8) JBAS017525: Started server default-server.
09:26:05,830 INFO  [org.wildfly.extension.undertow] (MSC service thread 1-7) JBAS017531: Host default-host starting
09:26:05,915 INFO  [org.wildfly.extension.undertow] (MSC service thread 1-8) JBAS017519: Undertow HTTP listener default listening on /127.0.0.1:1339
09:26:06,108 INFO  [org.jboss.as.server.deployment] (MSC service thread 1-7) JBAS015876: Starting deployment of "ejb-remote-server.jar" (runtime-name: "ejb-remote-server.jar")
09:26:06,109 INFO  [org.jboss.as.server.deployment.scanner] (MSC service thread 1-5) JBAS015012: Started FileSystemDeploymentService for directory C:\Program Files\Java\servers\wildfly-8.1.0.Final\standalone\deployments
09:26:06,109 INFO  [org.jboss.as.server.deployment] (MSC service thread 1-3) JBAS015876: Starting deployment of "ejb-remote-component.jar" (runtime-name: "ejb-remote-component.jar")
09:26:06,208 INFO  [org.jboss.as.connector.subsystems.datasources] (MSC service thread 1-1) JBAS010400: Bound data source [java:jboss/datasources/ExampleDS]
09:26:06,325 INFO  [org.jboss.weld.deployer] (MSC service thread 1-2) JBAS016002: Processing weld deployment ejb-remote-server.jar
09:26:06,325 INFO  [org.jboss.weld.deployer] (MSC service thread 1-4) JBAS016002: Processing weld deployment ejb-remote-component.jar
09:26:06,381 INFO  [org.jboss.ws.common.management] (MSC service thread 1-8) JBWS022052: Starting JBoss Web Services - Stack CXF Server 4.2.4.Final
09:26:06,397 INFO  [org.hibernate.validator.internal.util.Version] (MSC service thread 1-2) HV000001: Hibernate Validator 5.1.0.Final
09:26:06,464 INFO  [org.jboss.as.ejb3.deployment.processors.EjbJndiBindingsDeploymentUnitProcessor] (MSC service thread 1-4) JNDI bindings for session bean named LibrarySessionBean in deployment unit deployment "ejb-remote-component.jar" are as follows:

	java:global/ejb-remote-component/LibrarySessionBean!com.tutorialspoint.stateless.LibrarySessionBeanRemote
	java:app/ejb-remote-component/LibrarySessionBean!com.tutorialspoint.stateless.LibrarySessionBeanRemote
	java:module/LibrarySessionBean!com.tutorialspoint.stateless.LibrarySessionBeanRemote
	java:jboss/exported/ejb-remote-component/LibrarySessionBean!com.tutorialspoint.stateless.LibrarySessionBeanRemote
	java:global/ejb-remote-component/LibrarySessionBean
	java:app/ejb-remote-component/LibrarySessionBean
	java:module/LibrarySessionBean

09:26:06,464 INFO  [org.jboss.as.ejb3.deployment.processors.EjbJndiBindingsDeploymentUnitProcessor] (MSC service thread 1-2) JNDI bindings for session bean named ExampleServiceImpl in deployment unit deployment "ejb-remote-server.jar" are as follows:

	java:global/ejb-remote-server/ExampleServiceImpl!com.illucit.ejbremote.server.ExampleService
	java:app/ejb-remote-server/ExampleServiceImpl!com.illucit.ejbremote.server.ExampleService
	java:module/ExampleServiceImpl!com.illucit.ejbremote.server.ExampleService
	java:jboss/exported/ejb-remote-server/ExampleServiceImpl!com.illucit.ejbremote.server.ExampleService
	java:global/ejb-remote-server/ExampleServiceImpl
	java:app/ejb-remote-server/ExampleServiceImpl
	java:module/ExampleServiceImpl

09:26:06,464 INFO  [org.jboss.as.ejb3.deployment.processors.EjbJndiBindingsDeploymentUnitProcessor] (MSC service thread 1-4) JNDI bindings for session bean named ExampleServiceImpl in deployment unit deployment "ejb-remote-component.jar" are as follows:

	java:global/ejb-remote-component/ExampleServiceImpl!com.illucit.ejbremote.server.ExampleService
	java:app/ejb-remote-component/ExampleServiceImpl!com.illucit.ejbremote.server.ExampleService
	java:module/ExampleServiceImpl!com.illucit.ejbremote.server.ExampleService
	java:jboss/exported/ejb-remote-component/ExampleServiceImpl!com.illucit.ejbremote.server.ExampleService
	java:global/ejb-remote-component/ExampleServiceImpl
	java:app/ejb-remote-component/ExampleServiceImpl
	java:module/ExampleServiceImpl

09:26:06,561 INFO  [org.jboss.weld.deployer] (MSC service thread 1-3) JBAS016005: Starting Services for CDI deployment: ejb-remote-server.jar
09:26:06,563 INFO  [org.jboss.weld.deployer] (MSC service thread 1-7) JBAS016005: Starting Services for CDI deployment: ejb-remote-component.jar
09:26:06,593 INFO  [org.jboss.weld.Version] (MSC service thread 1-7) WELD-000900: 2.1.2 (Final)
09:26:06,616 INFO  [org.jboss.weld.deployer] (MSC service thread 1-7) JBAS016008: Starting weld service for deployment ejb-remote-server.jar
09:26:06,616 INFO  [org.jboss.weld.deployer] (MSC service thread 1-3) JBAS016008: Starting weld service for deployment ejb-remote-component.jar
09:26:07,299 INFO  [org.jboss.as.server] (Controller Boot Thread) JBAS018559: Deployed "ejb-remote-component.jar" (runtime-name : "ejb-remote-component.jar")
09:26:07,300 INFO  [org.jboss.as.server] (Controller Boot Thread) JBAS018559: Deployed "ejb-remote-server.jar" (runtime-name : "ejb-remote-server.jar")
09:26:07,316 INFO  [org.jboss.as] (Controller Boot Thread) JBAS015961: Http management interface listening on http://127.0.0.1:9990/management
09:26:07,316 INFO  [org.jboss.as] (Controller Boot Thread) JBAS015951: Admin console listening on http://127.0.0.1:9990
09:26:07,316 INFO  [org.jboss.as] (Controller Boot Thread) JBAS015874: WildFly 8.1.0.Final "Kenny" started in 3804ms - Started 359 of 418 services (97 services are lazy, passive or on-demand)
09:27:11,239 INFO  [org.jboss.as.repository] (management-handler-thread - 1) JBAS014900: Content added at location C:\Program Files\Java\servers\wildfly-8.1.0.Final\standalone\data\content\54\dcdaac88f3afa7188f3d4a2ff8a2274306edb5\content
09:27:11,254 INFO  [org.jboss.weld.deployer] (MSC service thread 1-1) JBAS016009: Stopping weld service for deployment ejb-remote-component.jar
09:27:11,275 INFO  [org.jboss.as.server.deployment] (MSC service thread 1-4) JBAS015877: Stopped deployment ejb-remote-component.jar (runtime-name: ejb-remote-component.jar) in 32ms
09:27:11,276 INFO  [org.jboss.as.server.deployment] (MSC service thread 1-7) JBAS015876: Starting deployment of "ejb-remote-component.jar" (runtime-name: "ejb-remote-component.jar")
09:27:11,290 INFO  [org.jboss.as.server.deployment] (MSC service thread 1-3) JBAS015877: Stopped deployment ejb-remote-component.jar (runtime-name: ejb-remote-component.jar) in 12ms
09:27:11,291 INFO  [org.jboss.as.server.deployment] (MSC service thread 1-1) JBAS015876: Starting deployment of "ejb-remote-component.jar" (runtime-name: "ejb-remote-component.jar")
09:27:11,307 INFO  [org.jboss.weld.deployer] (MSC service thread 1-5) JBAS016002: Processing weld deployment ejb-remote-component.jar
09:27:11,313 INFO  [org.jboss.as.ejb3.deployment.processors.EjbJndiBindingsDeploymentUnitProcessor] (MSC service thread 1-5) JNDI bindings for session bean named LibrarySessionBean in deployment unit deployment "ejb-remote-component.jar" are as follows:

	java:global/ejb-remote-component/LibrarySessionBean!com.tutorialspoint.stateless.LibrarySessionBeanRemote
	java:app/ejb-remote-component/LibrarySessionBean!com.tutorialspoint.stateless.LibrarySessionBeanRemote
	java:module/LibrarySessionBean!com.tutorialspoint.stateless.LibrarySessionBeanRemote
	java:jboss/exported/ejb-remote-component/LibrarySessionBean!com.tutorialspoint.stateless.LibrarySessionBeanRemote
	java:global/ejb-remote-component/LibrarySessionBean
	java:app/ejb-remote-component/LibrarySessionBean
	java:module/LibrarySessionBean

09:27:11,314 INFO  [org.jboss.as.ejb3.deployment.processors.EjbJndiBindingsDeploymentUnitProcessor] (MSC service thread 1-5) JNDI bindings for session bean named ExampleServiceImpl in deployment unit deployment "ejb-remote-component.jar" are as follows:

	java:global/ejb-remote-component/ExampleServiceImpl!com.illucit.ejbremote.server.ExampleService
	java:app/ejb-remote-component/ExampleServiceImpl!com.illucit.ejbremote.server.ExampleService
	java:module/ExampleServiceImpl!com.illucit.ejbremote.server.ExampleService
	java:jboss/exported/ejb-remote-component/ExampleServiceImpl!com.illucit.ejbremote.server.ExampleService
	java:global/ejb-remote-component/ExampleServiceImpl
	java:app/ejb-remote-component/ExampleServiceImpl
	java:module/ExampleServiceImpl

09:27:11,332 INFO  [org.jboss.weld.deployer] (MSC service thread 1-7) JBAS016005: Starting Services for CDI deployment: ejb-remote-component.jar
09:27:11,337 INFO  [org.jboss.weld.deployer] (MSC service thread 1-3) JBAS016008: Starting weld service for deployment ejb-remote-component.jar
09:27:11,597 INFO  [org.jboss.as.server] (management-handler-thread - 1) JBAS018562: Redeployed "ejb-remote-component.jar"
09:27:11,597 INFO  [org.jboss.as.server] (management-handler-thread - 1) JBAS018565: Replaced deployment "ejb-remote-component.jar" with deployment "ejb-remote-component.jar"
09:27:11,601 INFO  [org.jboss.as.repository] (management-handler-thread - 1) JBAS014901: Content removed from location C:\Program Files\Java\servers\wildfly-8.1.0.Final\standalone\data\content\6c\0c8363f446af82ee4e76487b705c1b43a60a30\content
09:29:41,846 INFO  [org.wildfly.extension.undertow] (MSC service thread 1-2) JBAS017532: Host default-host stopping
09:29:41,856 INFO  [org.jboss.weld.deployer] (MSC service thread 1-4) JBAS016009: Stopping weld service for deployment ejb-remote-server.jar
09:29:41,873 INFO  [org.jboss.weld.deployer] (MSC service thread 1-3) JBAS016009: Stopping weld service for deployment ejb-remote-component.jar
09:29:41,874 INFO  [org.jboss.as.connector.subsystems.datasources] (MSC service thread 1-5) JBAS010409: Unbound data source [java:jboss/datasources/ExampleDS]
09:29:41,880 INFO  [org.jboss.as.connector.deployers.jdbc] (MSC service thread 1-8) JBAS010418: Stopped Driver service with driver-name = h2
09:29:41,893 INFO  [org.jboss.as.server.deployment] (MSC service thread 1-4) JBAS015877: Stopped deployment ejb-remote-server.jar (runtime-name: ejb-remote-server.jar) in 82ms
09:29:41,905 INFO  [org.wildfly.extension.undertow] (MSC service thread 1-5) JBAS017521: Undertow HTTP listener default suspending
09:29:41,906 INFO  [org.wildfly.extension.undertow] (MSC service thread 1-5) JBAS017520: Undertow HTTP listener default stopped, was bound to /127.0.0.1:1339
09:29:41,911 INFO  [org.wildfly.extension.undertow] (MSC service thread 1-5) JBAS017506: Undertow 1.0.15.Final stopping
09:29:41,918 INFO  [org.jboss.as.server.deployment] (MSC service thread 1-8) JBAS015877: Stopped deployment ejb-remote-component.jar (runtime-name: ejb-remote-component.jar) in 106ms
09:29:41,922 INFO  [org.jboss.as] (MSC service thread 1-8) JBAS015950: WildFly 8.1.0.Final "Kenny" stopped in 104ms
JAVA_OPTS already set in environment; overriding default settings with values: -Xms128m -Xmx256m
cygpath: can't convert empty path
=========================================================================

  JBoss Bootstrap Environment

  JBOSS_HOME: C:\Program Files\Java\servers\wildfly-8.1.0.Final

  JAVA: /cygdrive/c/Program Files/Java/jdk1.7.0_80/jre/bin/java

  JAVA_OPTS:  -server -Xms128m -Xmx256m

=========================================================================

09:40:08,693 INFO  [org.jboss.modules] (main) JBoss Modules version 1.3.3.Final
09:40:08,921 INFO  [org.jboss.msc] (main) JBoss MSC version 1.2.2.Final
09:40:09,000 INFO  [org.jboss.as] (MSC service thread 1-6) JBAS015899: WildFly 8.1.0.Final "Kenny" starting
09:40:10,259 INFO  [org.jboss.as.server] (Controller Boot Thread) JBAS015888: Creating http management service using socket-binding (management-http)
09:40:10,279 INFO  [org.xnio] (MSC service thread 1-7) XNIO version 3.2.2.Final
09:40:10,287 INFO  [org.xnio.nio] (MSC service thread 1-7) XNIO NIO Implementation Version 3.2.2.Final
09:40:10,305 INFO  [org.jboss.as.clustering.infinispan] (ServerService Thread Pool -- 32) JBAS010280: Activating Infinispan subsystem.
09:40:10,320 INFO  [org.wildfly.extension.io] (ServerService Thread Pool -- 31) WFLYIO001: Worker 'default' has auto-configured to 8 core threads with 64 task threads based on your 4 available processors
09:40:10,333 INFO  [org.jboss.as.security] (ServerService Thread Pool -- 45) JBAS013171: Activating Security Subsystem
09:40:10,337 INFO  [org.jboss.as.security] (MSC service thread 1-1) JBAS013170: Current PicketBox version=4.0.21.Beta1
09:40:10,359 INFO  [org.jboss.as.webservices] (ServerService Thread Pool -- 48) JBAS015537: Activating WebServices Extension
09:40:10,385 WARN  [org.jboss.as.txn] (ServerService Thread Pool -- 46) JBAS010153: Node identifier property is set to the default value. Please make sure it is unique.
09:40:10,416 INFO  [org.jboss.as.jsf] (ServerService Thread Pool -- 38) JBAS012615: Activated the following JSF Implementations: [main]
09:40:10,421 INFO  [org.jboss.as.connector.logging] (MSC service thread 1-8) JBAS010408: Starting JCA Subsystem (IronJacamar 1.1.5.Final)
09:40:10,437 INFO  [org.jboss.as.naming] (ServerService Thread Pool -- 40) JBAS011800: Activating Naming Subsystem
09:40:10,440 INFO  [org.wildfly.extension.undertow] (MSC service thread 1-2) JBAS017502: Undertow 1.0.15.Final starting
09:40:10,440 INFO  [org.wildfly.extension.undertow] (ServerService Thread Pool -- 47) JBAS017502: Undertow 1.0.15.Final starting
09:40:10,471 INFO  [org.jboss.as.connector.subsystems.datasources] (ServerService Thread Pool -- 27) JBAS010403: Deploying JDBC-compliant driver class org.h2.Driver (version 1.3)
09:40:10,473 INFO  [org.jboss.as.connector.deployers.jdbc] (MSC service thread 1-5) JBAS010417: Started Driver service with driver-name = h2
09:40:10,495 INFO  [org.jboss.remoting] (MSC service thread 1-7) JBoss Remoting version 4.0.3.Final
09:40:10,647 INFO  [org.jboss.as.naming] (MSC service thread 1-8) JBAS011802: Starting Naming Service
09:40:10,647 INFO  [org.jboss.as.mail.extension] (MSC service thread 1-8) JBAS015400: Bound mail session [java:jboss/mail/Default]
09:40:10,710 INFO  [org.wildfly.extension.undertow] (ServerService Thread Pool -- 47) JBAS017527: Creating file handler for path C:\Program Files\Java\servers\wildfly-8.1.0.Final/welcome-content
09:40:10,725 INFO  [org.wildfly.extension.undertow] (MSC service thread 1-2) JBAS017525: Started server default-server.
09:40:10,730 INFO  [org.wildfly.extension.undertow] (MSC service thread 1-2) JBAS017531: Host default-host starting
09:40:10,847 INFO  [org.jboss.as.server.deployment.scanner] (MSC service thread 1-8) JBAS015012: Started FileSystemDeploymentService for directory C:\Program Files\Java\servers\wildfly-8.1.0.Final\standalone\deployments
09:40:10,849 INFO  [org.jboss.as.server.deployment] (MSC service thread 1-5) JBAS015876: Starting deployment of "ejb-remote-server.jar" (runtime-name: "ejb-remote-server.jar")
09:40:10,849 INFO  [org.jboss.as.server.deployment] (MSC service thread 1-7) JBAS015876: Starting deployment of "ejb-remote-component.jar" (runtime-name: "ejb-remote-component.jar")
09:40:10,967 INFO  [org.wildfly.extension.undertow] (MSC service thread 1-4) JBAS017519: Undertow HTTP listener default listening on /127.0.0.1:1339
09:40:11,103 INFO  [org.jboss.weld.deployer] (MSC service thread 1-6) JBAS016002: Processing weld deployment ejb-remote-component.jar
09:40:11,104 INFO  [org.jboss.weld.deployer] (MSC service thread 1-3) JBAS016002: Processing weld deployment ejb-remote-server.jar
09:40:11,114 INFO  [org.jboss.as.connector.subsystems.datasources] (MSC service thread 1-5) JBAS010400: Bound data source [java:jboss/datasources/ExampleDS]
09:40:11,181 INFO  [org.hibernate.validator.internal.util.Version] (MSC service thread 1-3) HV000001: Hibernate Validator 5.1.0.Final
09:40:11,247 INFO  [org.jboss.as.ejb3.deployment.processors.EjbJndiBindingsDeploymentUnitProcessor] (MSC service thread 1-3) JNDI bindings for session bean named ExampleServiceImpl in deployment unit deployment "ejb-remote-server.jar" are as follows:

	java:global/ejb-remote-server/ExampleServiceImpl!com.illucit.ejbremote.server.ExampleService
	java:app/ejb-remote-server/ExampleServiceImpl!com.illucit.ejbremote.server.ExampleService
	java:module/ExampleServiceImpl!com.illucit.ejbremote.server.ExampleService
	java:jboss/exported/ejb-remote-server/ExampleServiceImpl!com.illucit.ejbremote.server.ExampleService
	java:global/ejb-remote-server/ExampleServiceImpl
	java:app/ejb-remote-server/ExampleServiceImpl
	java:module/ExampleServiceImpl

09:40:11,272 INFO  [org.jboss.as.ejb3.deployment.processors.EjbJndiBindingsDeploymentUnitProcessor] (MSC service thread 1-6) JNDI bindings for session bean named LibrarySessionBean in deployment unit deployment "ejb-remote-component.jar" are as follows:

	java:global/ejb-remote-component/LibrarySessionBean!com.tutorialspoint.stateless.LibrarySessionBeanRemote
	java:app/ejb-remote-component/LibrarySessionBean!com.tutorialspoint.stateless.LibrarySessionBeanRemote
	java:module/LibrarySessionBean!com.tutorialspoint.stateless.LibrarySessionBeanRemote
	java:jboss/exported/ejb-remote-component/LibrarySessionBean!com.tutorialspoint.stateless.LibrarySessionBeanRemote
	java:global/ejb-remote-component/LibrarySessionBean
	java:app/ejb-remote-component/LibrarySessionBean
	java:module/LibrarySessionBean

09:40:11,273 INFO  [org.jboss.as.ejb3.deployment.processors.EjbJndiBindingsDeploymentUnitProcessor] (MSC service thread 1-6) JNDI bindings for session bean named ExampleServiceImpl in deployment unit deployment "ejb-remote-component.jar" are as follows:

	java:global/ejb-remote-component/ExampleServiceImpl!com.illucit.ejbremote.server.ExampleService
	java:app/ejb-remote-component/ExampleServiceImpl!com.illucit.ejbremote.server.ExampleService
	java:module/ExampleServiceImpl!com.illucit.ejbremote.server.ExampleService
	java:jboss/exported/ejb-remote-component/ExampleServiceImpl!com.illucit.ejbremote.server.ExampleService
	java:global/ejb-remote-component/ExampleServiceImpl
	java:app/ejb-remote-component/ExampleServiceImpl
	java:module/ExampleServiceImpl

09:40:11,339 INFO  [org.jboss.ws.common.management] (MSC service thread 1-4) JBWS022052: Starting JBoss Web Services - Stack CXF Server 4.2.4.Final
09:40:11,430 INFO  [org.jboss.weld.deployer] (MSC service thread 1-2) JBAS016005: Starting Services for CDI deployment: ejb-remote-server.jar
09:40:11,432 INFO  [org.jboss.weld.deployer] (MSC service thread 1-1) JBAS016005: Starting Services for CDI deployment: ejb-remote-component.jar
09:40:11,461 INFO  [org.jboss.weld.Version] (MSC service thread 1-1) WELD-000900: 2.1.2 (Final)
09:40:11,483 INFO  [org.jboss.weld.deployer] (MSC service thread 1-2) JBAS016008: Starting weld service for deployment ejb-remote-server.jar
09:40:11,486 INFO  [org.jboss.weld.deployer] (MSC service thread 1-1) JBAS016008: Starting weld service for deployment ejb-remote-component.jar
09:40:12,224 INFO  [org.jboss.as.server] (Controller Boot Thread) JBAS018559: Deployed "ejb-remote-component.jar" (runtime-name : "ejb-remote-component.jar")
09:40:12,224 INFO  [org.jboss.as.server] (Controller Boot Thread) JBAS018559: Deployed "ejb-remote-server.jar" (runtime-name : "ejb-remote-server.jar")
09:40:12,247 INFO  [org.jboss.as] (Controller Boot Thread) JBAS015961: Http management interface listening on http://127.0.0.1:9990/management
09:40:12,248 INFO  [org.jboss.as] (Controller Boot Thread) JBAS015951: Admin console listening on http://127.0.0.1:9990
09:40:12,248 INFO  [org.jboss.as] (Controller Boot Thread) JBAS015874: WildFly 8.1.0.Final "Kenny" started in 3862ms - Started 359 of 418 services (97 services are lazy, passive or on-demand)
09:40:28,284 INFO  [org.wildfly.extension.undertow] (MSC service thread 1-5) JBAS017532: Host default-host stopping
09:40:28,304 INFO  [org.jboss.weld.deployer] (MSC service thread 1-6) JBAS016009: Stopping weld service for deployment ejb-remote-server.jar
09:40:28,304 INFO  [org.jboss.as.connector.subsystems.datasources] (MSC service thread 1-1) JBAS010409: Unbound data source [java:jboss/datasources/ExampleDS]
09:40:28,304 INFO  [org.jboss.weld.deployer] (MSC service thread 1-3) JBAS016009: Stopping weld service for deployment ejb-remote-component.jar
09:40:28,310 INFO  [org.jboss.as.connector.deployers.jdbc] (MSC service thread 1-4) JBAS010418: Stopped Driver service with driver-name = h2
09:40:28,323 INFO  [org.wildfly.extension.undertow] (MSC service thread 1-8) JBAS017521: Undertow HTTP listener default suspending
09:40:28,324 INFO  [org.wildfly.extension.undertow] (MSC service thread 1-8) JBAS017520: Undertow HTTP listener default stopped, was bound to /127.0.0.1:1339
09:40:28,328 INFO  [org.wildfly.extension.undertow] (MSC service thread 1-2) JBAS017506: Undertow 1.0.15.Final stopping
09:40:28,331 INFO  [org.jboss.as.server.deployment] (MSC service thread 1-7) JBAS015877: Stopped deployment ejb-remote-server.jar (runtime-name: ejb-remote-server.jar) in 83ms
09:40:28,331 INFO  [org.jboss.as.server.deployment] (MSC service thread 1-6) JBAS015877: Stopped deployment ejb-remote-component.jar (runtime-name: ejb-remote-component.jar) in 74ms
09:40:28,343 INFO  [org.jboss.as] (MSC service thread 1-1) JBAS015950: WildFly 8.1.0.Final "Kenny" stopped in 81ms
