2016-01-22 15:06:32 INFO  org.hibernate.annotations.common.Version:<clinit>:66 - HCANN000001: Hibernate Commons Annotations {4.0.5.Final}
2016-01-22 15:06:32 INFO  org.hibernate.Version:logVersion:54 - HHH000412: Hibernate Core {4.3.8.Final}
2016-01-22 15:06:32 INFO  org.hibernate.cfg.Environment:<clinit>:239 - HHH000206: hibernate.properties not found
2016-01-22 15:06:32 INFO  org.hibernate.cfg.Environment:buildBytecodeProvider:346 - HHH000021: Bytecode provider name : javassist
2016-01-22 15:06:32 INFO  org.hibernate.cfg.Configuration:configure:2075 - HHH000043: Configuring from resource: /hibernate.cfg.xml
2016-01-22 15:06:32 INFO  org.hibernate.cfg.Configuration:getConfigurationInputStream:2094 - HHH000040: Configuration resource: /hibernate.cfg.xml
2016-01-22 15:06:32 WARN  org.hibernate.internal.util.xml.DTDEntityResolver:resolveEntity:75 - HHH000223: Recognized obsolete hibernate namespace http://hibernate.sourceforge.net/. Use namespace http://www.hibernate.org/dtd/ instead. Refer to Hibernate 3.6 Migration Guide!
2016-01-22 15:06:32 INFO  org.hibernate.cfg.Configuration:addResource:759 - HHH000221: Reading mappings from resource: user.hbm.xml
2016-01-22 15:06:32 WARN  org.hibernate.internal.util.xml.DTDEntityResolver:resolveEntity:75 - HHH000223: Recognized obsolete hibernate namespace http://hibernate.sourceforge.net/. Use namespace http://www.hibernate.org/dtd/ instead. Refer to Hibernate 3.6 Migration Guide!
2016-01-22 15:06:32 INFO  org.hibernate.cfg.Configuration:doConfigure:2216 - HHH000041: Configured SessionFactory: null
2016-01-22 15:06:32 WARN  org.hibernate.engine.jdbc.connections.internal.DriverManagerConnectionProviderImpl:configure:93 - HHH000402: Using Hibernate built-in connection pool (not for production use!)
2016-01-22 15:06:32 INFO  org.hibernate.engine.jdbc.connections.internal.DriverManagerConnectionProviderImpl:buildCreator:166 - HHH000401: using driver [com.mysql.jdbc.Driver] at URL [jdbc:mysql://localhost/hiberstruts]
2016-01-22 15:06:32 INFO  org.hibernate.engine.jdbc.connections.internal.DriverManagerConnectionProviderImpl:buildCreator:175 - HHH000046: Connection properties: {user=root, password=****}
2016-01-22 15:06:32 INFO  org.hibernate.engine.jdbc.connections.internal.DriverManagerConnectionProviderImpl:buildCreator:180 - HHH000006: Autocommit mode: false
2016-01-22 15:06:32 INFO  org.hibernate.engine.jdbc.connections.internal.DriverManagerConnectionProviderImpl:configure:102 - HHH000115: Hibernate connection pool size: 20 (min=1)
2016-01-22 15:08:15 INFO  org.hibernate.annotations.common.Version:<clinit>:66 - HCANN000001: Hibernate Commons Annotations {4.0.5.Final}
2016-01-22 15:08:15 INFO  org.hibernate.Version:logVersion:54 - HHH000412: Hibernate Core {4.3.8.Final}
2016-01-22 15:08:15 INFO  org.hibernate.cfg.Environment:<clinit>:239 - HHH000206: hibernate.properties not found
2016-01-22 15:08:15 INFO  org.hibernate.cfg.Environment:buildBytecodeProvider:346 - HHH000021: Bytecode provider name : javassist
2016-01-22 15:08:15 INFO  org.hibernate.cfg.Configuration:configure:2075 - HHH000043: Configuring from resource: /hibernate.cfg.xml
2016-01-22 15:08:15 INFO  org.hibernate.cfg.Configuration:getConfigurationInputStream:2094 - HHH000040: Configuration resource: /hibernate.cfg.xml
2016-01-22 15:08:15 WARN  org.hibernate.internal.util.xml.DTDEntityResolver:resolveEntity:75 - HHH000223: Recognized obsolete hibernate namespace http://hibernate.sourceforge.net/. Use namespace http://www.hibernate.org/dtd/ instead. Refer to Hibernate 3.6 Migration Guide!
2016-01-22 15:08:15 INFO  org.hibernate.cfg.Configuration:addResource:759 - HHH000221: Reading mappings from resource: user.hbm.xml
2016-01-22 15:08:15 WARN  org.hibernate.internal.util.xml.DTDEntityResolver:resolveEntity:75 - HHH000223: Recognized obsolete hibernate namespace http://hibernate.sourceforge.net/. Use namespace http://www.hibernate.org/dtd/ instead. Refer to Hibernate 3.6 Migration Guide!
2016-01-22 15:08:15 INFO  org.hibernate.cfg.Configuration:doConfigure:2216 - HHH000041: Configured SessionFactory: null
2016-01-22 15:08:15 WARN  org.hibernate.engine.jdbc.connections.internal.DriverManagerConnectionProviderImpl:configure:93 - HHH000402: Using Hibernate built-in connection pool (not for production use!)
2016-01-22 15:08:15 INFO  org.hibernate.engine.jdbc.connections.internal.DriverManagerConnectionProviderImpl:buildCreator:166 - HHH000401: using driver [com.mysql.jdbc.Driver] at URL [jdbc:mysql://localhost/hiberstruts]
2016-01-22 15:08:15 INFO  org.hibernate.engine.jdbc.connections.internal.DriverManagerConnectionProviderImpl:buildCreator:175 - HHH000046: Connection properties: {user=root, password=****}
2016-01-22 15:08:15 INFO  org.hibernate.engine.jdbc.connections.internal.DriverManagerConnectionProviderImpl:buildCreator:180 - HHH000006: Autocommit mode: false
2016-01-22 15:08:15 INFO  org.hibernate.engine.jdbc.connections.internal.DriverManagerConnectionProviderImpl:configure:102 - HHH000115: Hibernate connection pool size: 20 (min=1)
2016-01-22 15:12:20 INFO  org.hibernate.annotations.common.Version:<clinit>:66 - HCANN000001: Hibernate Commons Annotations {4.0.5.Final}
2016-01-22 15:12:20 INFO  org.hibernate.Version:logVersion:54 - HHH000412: Hibernate Core {4.3.8.Final}
2016-01-22 15:12:20 INFO  org.hibernate.cfg.Environment:<clinit>:239 - HHH000206: hibernate.properties not found
2016-01-22 15:12:20 INFO  org.hibernate.cfg.Environment:buildBytecodeProvider:346 - HHH000021: Bytecode provider name : javassist
2016-01-22 15:12:20 INFO  org.hibernate.cfg.Configuration:configure:2075 - HHH000043: Configuring from resource: /hibernate.cfg.xml
2016-01-22 15:12:20 INFO  org.hibernate.cfg.Configuration:getConfigurationInputStream:2094 - HHH000040: Configuration resource: /hibernate.cfg.xml
2016-01-22 15:12:20 WARN  org.hibernate.internal.util.xml.DTDEntityResolver:resolveEntity:75 - HHH000223: Recognized obsolete hibernate namespace http://hibernate.sourceforge.net/. Use namespace http://www.hibernate.org/dtd/ instead. Refer to Hibernate 3.6 Migration Guide!
2016-01-22 15:12:20 INFO  org.hibernate.cfg.Configuration:addResource:759 - HHH000221: Reading mappings from resource: user.hbm.xml
2016-01-22 15:12:20 WARN  org.hibernate.internal.util.xml.DTDEntityResolver:resolveEntity:75 - HHH000223: Recognized obsolete hibernate namespace http://hibernate.sourceforge.net/. Use namespace http://www.hibernate.org/dtd/ instead. Refer to Hibernate 3.6 Migration Guide!
2016-01-22 15:12:20 INFO  org.hibernate.cfg.Configuration:doConfigure:2216 - HHH000041: Configured SessionFactory: null
2016-01-22 15:12:20 WARN  org.hibernate.engine.jdbc.connections.internal.DriverManagerConnectionProviderImpl:configure:93 - HHH000402: Using Hibernate built-in connection pool (not for production use!)
2016-01-22 15:12:20 INFO  org.hibernate.engine.jdbc.connections.internal.DriverManagerConnectionProviderImpl:buildCreator:166 - HHH000401: using driver [com.mysql.jdbc.Driver] at URL [jdbc:mysql://localhost/hiberstruts]
2016-01-22 15:12:20 INFO  org.hibernate.engine.jdbc.connections.internal.DriverManagerConnectionProviderImpl:buildCreator:175 - HHH000046: Connection properties: {user=root, password=****}
2016-01-22 15:12:20 INFO  org.hibernate.engine.jdbc.connections.internal.DriverManagerConnectionProviderImpl:buildCreator:180 - HHH000006: Autocommit mode: false
2016-01-22 15:12:20 INFO  org.hibernate.engine.jdbc.connections.internal.DriverManagerConnectionProviderImpl:configure:102 - HHH000115: Hibernate connection pool size: 20 (min=1)
2016-01-22 15:12:21 INFO  org.hibernate.dialect.Dialect:<init>:145 - HHH000400: Using dialect: org.hibernate.dialect.MySQLDialect
2016-01-22 15:12:21 INFO  org.hibernate.engine.transaction.internal.TransactionFactoryInitiator:initiateService:62 - HHH000399: Using default transaction strategy (direct JDBC transactions)
2016-01-22 15:12:21 INFO  org.hibernate.hql.internal.ast.ASTQueryTranslatorFactory:<init>:47 - HHH000397: Using ASTQueryTranslatorFactory
2016-01-22 15:12:21 INFO  org.hibernate.tool.hbm2ddl.SchemaUpdate:execute:207 - HHH000228: Running hbm2ddl schema update
2016-01-22 15:12:21 INFO  org.hibernate.tool.hbm2ddl.SchemaUpdate:execute:218 - HHH000102: Fetching database metadata
2016-01-22 15:12:21 INFO  org.hibernate.tool.hbm2ddl.SchemaUpdate:execute:230 - HHH000396: Updating schema
2016-01-22 15:12:21 INFO  java.sql.DatabaseMetaData:getTableMetadata:147 - HHH000262: Table not found: user
2016-01-22 15:12:21 INFO  java.sql.DatabaseMetaData:getTableMetadata:147 - HHH000262: Table not found: user
2016-01-22 15:12:21 INFO  java.sql.DatabaseMetaData:getTableMetadata:147 - HHH000262: Table not found: user
2016-01-22 15:12:21 INFO  org.hibernate.tool.hbm2ddl.SchemaUpdate:execute:267 - HHH000232: Schema update complete
2016-01-22 15:12:52 INFO  org.hibernate.annotations.common.Version:<clinit>:66 - HCANN000001: Hibernate Commons Annotations {4.0.5.Final}
2016-01-22 15:12:52 INFO  org.hibernate.Version:logVersion:54 - HHH000412: Hibernate Core {4.3.8.Final}
2016-01-22 15:12:52 INFO  org.hibernate.cfg.Environment:<clinit>:239 - HHH000206: hibernate.properties not found
2016-01-22 15:12:52 INFO  org.hibernate.cfg.Environment:buildBytecodeProvider:346 - HHH000021: Bytecode provider name : javassist
2016-01-22 15:12:52 INFO  org.hibernate.cfg.Configuration:configure:2075 - HHH000043: Configuring from resource: /hibernate.cfg.xml
2016-01-22 15:12:52 INFO  org.hibernate.cfg.Configuration:getConfigurationInputStream:2094 - HHH000040: Configuration resource: /hibernate.cfg.xml
2016-01-22 15:12:52 WARN  org.hibernate.internal.util.xml.DTDEntityResolver:resolveEntity:75 - HHH000223: Recognized obsolete hibernate namespace http://hibernate.sourceforge.net/. Use namespace http://www.hibernate.org/dtd/ instead. Refer to Hibernate 3.6 Migration Guide!
2016-01-22 15:12:52 INFO  org.hibernate.cfg.Configuration:addResource:759 - HHH000221: Reading mappings from resource: user.hbm.xml
2016-01-22 15:12:52 WARN  org.hibernate.internal.util.xml.DTDEntityResolver:resolveEntity:75 - HHH000223: Recognized obsolete hibernate namespace http://hibernate.sourceforge.net/. Use namespace http://www.hibernate.org/dtd/ instead. Refer to Hibernate 3.6 Migration Guide!
2016-01-22 15:12:53 INFO  org.hibernate.cfg.Configuration:doConfigure:2216 - HHH000041: Configured SessionFactory: null
2016-01-22 15:12:53 WARN  org.hibernate.engine.jdbc.connections.internal.DriverManagerConnectionProviderImpl:configure:93 - HHH000402: Using Hibernate built-in connection pool (not for production use!)
2016-01-22 15:12:53 INFO  org.hibernate.engine.jdbc.connections.internal.DriverManagerConnectionProviderImpl:buildCreator:166 - HHH000401: using driver [com.mysql.jdbc.Driver] at URL [jdbc:mysql://localhost/hiberstruts]
2016-01-22 15:12:53 INFO  org.hibernate.engine.jdbc.connections.internal.DriverManagerConnectionProviderImpl:buildCreator:175 - HHH000046: Connection properties: {user=root, password=****}
2016-01-22 15:12:53 INFO  org.hibernate.engine.jdbc.connections.internal.DriverManagerConnectionProviderImpl:buildCreator:180 - HHH000006: Autocommit mode: false
2016-01-22 15:12:53 INFO  org.hibernate.engine.jdbc.connections.internal.DriverManagerConnectionProviderImpl:configure:102 - HHH000115: Hibernate connection pool size: 20 (min=1)
2016-01-22 15:12:53 INFO  org.hibernate.dialect.Dialect:<init>:145 - HHH000400: Using dialect: org.hibernate.dialect.MySQLDialect
2016-01-22 15:12:53 INFO  org.hibernate.engine.transaction.internal.TransactionFactoryInitiator:initiateService:62 - HHH000399: Using default transaction strategy (direct JDBC transactions)
2016-01-22 15:12:53 INFO  org.hibernate.hql.internal.ast.ASTQueryTranslatorFactory:<init>:47 - HHH000397: Using ASTQueryTranslatorFactory
2016-01-22 15:12:53 INFO  org.hibernate.tool.hbm2ddl.SchemaUpdate:execute:207 - HHH000228: Running hbm2ddl schema update
2016-01-22 15:12:53 INFO  org.hibernate.tool.hbm2ddl.SchemaUpdate:execute:218 - HHH000102: Fetching database metadata
2016-01-22 15:12:53 INFO  org.hibernate.tool.hbm2ddl.SchemaUpdate:execute:230 - HHH000396: Updating schema
2016-01-22 15:12:53 INFO  org.hibernate.tool.hbm2ddl.TableMetadata:<init>:66 - HHH000261: Table found: hiberstruts.user
2016-01-22 15:12:53 INFO  org.hibernate.tool.hbm2ddl.TableMetadata:<init>:67 - HHH000037: Columns: [name, id]
2016-01-22 15:12:53 INFO  org.hibernate.tool.hbm2ddl.TableMetadata:<init>:69 - HHH000108: Foreign keys: []
2016-01-22 15:12:53 INFO  org.hibernate.tool.hbm2ddl.TableMetadata:<init>:70 - HHH000126: Indexes: [primary]
2016-01-22 15:12:53 INFO  org.hibernate.tool.hbm2ddl.SchemaUpdate:execute:267 - HHH000232: Schema update complete
2016-01-22 15:38:56 INFO  org.hibernate.annotations.common.Version:<clinit>:66 - HCANN000001: Hibernate Commons Annotations {4.0.5.Final}
2016-01-22 15:38:56 INFO  org.hibernate.Version:logVersion:54 - HHH000412: Hibernate Core {4.3.8.Final}
2016-01-22 15:38:56 INFO  org.hibernate.cfg.Environment:<clinit>:239 - HHH000206: hibernate.properties not found
2016-01-22 15:38:56 INFO  org.hibernate.cfg.Environment:buildBytecodeProvider:346 - HHH000021: Bytecode provider name : javassist
2016-01-22 15:38:56 INFO  org.hibernate.cfg.Configuration:configure:2075 - HHH000043: Configuring from resource: /hibernate.cfg.xml
2016-01-22 15:38:56 INFO  org.hibernate.cfg.Configuration:getConfigurationInputStream:2094 - HHH000040: Configuration resource: /hibernate.cfg.xml
2016-01-22 15:38:57 WARN  org.hibernate.internal.util.xml.DTDEntityResolver:resolveEntity:75 - HHH000223: Recognized obsolete hibernate namespace http://hibernate.sourceforge.net/. Use namespace http://www.hibernate.org/dtd/ instead. Refer to Hibernate 3.6 Migration Guide!
2016-01-22 15:38:57 INFO  org.hibernate.cfg.Configuration:addResource:759 - HHH000221: Reading mappings from resource: user.hbm.xml
2016-01-22 15:38:57 WARN  org.hibernate.internal.util.xml.DTDEntityResolver:resolveEntity:75 - HHH000223: Recognized obsolete hibernate namespace http://hibernate.sourceforge.net/. Use namespace http://www.hibernate.org/dtd/ instead. Refer to Hibernate 3.6 Migration Guide!
2016-01-22 15:38:57 INFO  org.hibernate.cfg.Configuration:doConfigure:2216 - HHH000041: Configured SessionFactory: null
2016-01-22 15:38:57 WARN  org.hibernate.engine.jdbc.connections.internal.DriverManagerConnectionProviderImpl:configure:93 - HHH000402: Using Hibernate built-in connection pool (not for production use!)
2016-01-22 15:38:57 INFO  org.hibernate.engine.jdbc.connections.internal.DriverManagerConnectionProviderImpl:buildCreator:166 - HHH000401: using driver [com.mysql.jdbc.Driver] at URL [jdbc:mysql://localhost/hiberstruts]
2016-01-22 15:38:57 INFO  org.hibernate.engine.jdbc.connections.internal.DriverManagerConnectionProviderImpl:buildCreator:175 - HHH000046: Connection properties: {user=root, password=****}
2016-01-22 15:38:57 INFO  org.hibernate.engine.jdbc.connections.internal.DriverManagerConnectionProviderImpl:buildCreator:180 - HHH000006: Autocommit mode: false
2016-01-22 15:38:57 INFO  org.hibernate.engine.jdbc.connections.internal.DriverManagerConnectionProviderImpl:configure:102 - HHH000115: Hibernate connection pool size: 20 (min=1)
2016-01-22 15:38:57 INFO  org.hibernate.dialect.Dialect:<init>:145 - HHH000400: Using dialect: org.hibernate.dialect.MySQLDialect
2016-01-22 15:38:57 INFO  org.hibernate.engine.transaction.internal.TransactionFactoryInitiator:initiateService:62 - HHH000399: Using default transaction strategy (direct JDBC transactions)
2016-01-22 15:38:57 INFO  org.hibernate.hql.internal.ast.ASTQueryTranslatorFactory:<init>:47 - HHH000397: Using ASTQueryTranslatorFactory
2016-01-22 15:38:57 INFO  org.hibernate.tool.hbm2ddl.SchemaUpdate:execute:207 - HHH000228: Running hbm2ddl schema update
2016-01-22 15:38:57 INFO  org.hibernate.tool.hbm2ddl.SchemaUpdate:execute:218 - HHH000102: Fetching database metadata
2016-01-22 15:38:57 INFO  org.hibernate.tool.hbm2ddl.SchemaUpdate:execute:230 - HHH000396: Updating schema
2016-01-22 15:38:57 INFO  org.hibernate.tool.hbm2ddl.TableMetadata:<init>:66 - HHH000261: Table found: hiberstruts.user
2016-01-22 15:38:57 INFO  org.hibernate.tool.hbm2ddl.TableMetadata:<init>:67 - HHH000037: Columns: [name, id]
2016-01-22 15:38:57 INFO  org.hibernate.tool.hbm2ddl.TableMetadata:<init>:69 - HHH000108: Foreign keys: []
2016-01-22 15:38:57 INFO  org.hibernate.tool.hbm2ddl.TableMetadata:<init>:70 - HHH000126: Indexes: [primary]
2016-01-22 15:38:57 INFO  org.hibernate.tool.hbm2ddl.SchemaUpdate:execute:267 - HHH000232: Schema update complete
